2024-07-07 17:34:13 __main__        INFO          GPU is available.
2024-07-07 17:34:14 __main__        INFO          learning_rate: 0.0001
2024-07-07 17:34:14 __main__        INFO          n_iters: 1000000
2024-07-07 17:34:14 __main__        INFO          max_norm: 5.0
2024-07-07 17:34:14 __main__        INFO          num_layers: 3
2024-07-07 17:36:35 __main__        INFO          5000 0.5% (2m 17s) 3.0954 YuruYuri: Happy Go Lily / Suspense ✗ (Girls Love)
2024-07-07 17:38:57 __main__        INFO          10000 1.0% (4m 39s) 3.0938 CrossFire: Project Ghost / Action ✗ (Mystery)
2024-07-07 17:40:53 __main__        INFO          15000 1.5% (6m 35s) 3.0924 Natsume's Book of Friends / Sci-Fi ✗ (Supernatural)
2024-07-07 17:42:36 __main__        INFO          20000 2.0% (8m 18s) 3.0927 Those Snow White Notes / Sci-Fi ✗ (Drama)
2024-07-07 17:45:24 __main__        INFO          25000 2.5% (11m 6s) 3.0965 Dirty Laundry / Suspense ✗ (Hentai)
2024-07-07 17:48:16 __main__        INFO          30000 3.0% (13m 58s) 3.0953 Semi-Transparent Boy / Suspense ✗ (UNKNOWN)
2024-07-07 17:51:05 __main__        INFO          35000 3.5000000000000004% (16m 47s) 3.0952 Great King of the Grave: Cold Iron Fight / Action ✗ (Mystery)
2024-07-07 17:53:59 __main__        INFO          40000 4.0% (19m 41s) 3.0870 Doraemon the Movie: Nobita and the Spiral City / Sci-Fi ✗ (Fantasy)
2024-07-07 17:56:46 __main__        INFO          45000 4.5% (22m 28s) 3.0890 A Foreign Love Affair / Action ✗ (Boys Love)
2024-07-07 17:59:10 __main__        INFO          50000 5.0% (24m 52s) 3.0914 Shuten Doji - The Star Hand Kid / Drama ✗ (Horror)
2024-07-07 18:01:34 __main__        INFO          55000 5.5% (27m 16s) 3.0897 New Aim for the Ace! / Suspense ✗ (Sports)
2024-07-07 18:04:28 __main__        INFO          60000 6.0% (30m 11s) 3.0926 A Whistle / Gourmet ✗ (Avant Garde)
2024-07-07 18:06:47 __main__        INFO          65000 6.5% (32m 30s) 3.0889 Komada: A Whisky Family / Sci-Fi ✗ (Gourmet)
2024-07-07 18:09:12 __main__        INFO          70000 7.000000000000001% (34m 54s) 3.0904 Rita et Machin / Sci-Fi ✗ (Slice of Life)
2024-07-07 18:11:32 __main__        INFO          75000 7.5% (37m 14s) 3.0879 Miracle! Mimika / Drama ✗ (Gourmet)
2024-07-07 18:13:41 __main__        INFO          80000 8.0% (39m 23s) 3.0888 Wicked Lessons / Sci-Fi ✗ (Hentai)
2024-07-07 18:16:26 __main__        INFO          85000 8.5% (42m 8s) 3.0912 Ikebukuro PR Anime / Gourmet ✗ (Fantasy)
2024-07-07 18:19:10 __main__        INFO          90000 9.0% (44m 52s) 3.0874 The Promised Neverland / Drama ✗ (Suspense)
2024-07-07 18:21:53 __main__        INFO          95000 9.5% (47m 35s) 3.0862 A-Channel: +A-Channel / Sci-Fi ✗ (Comedy)
2024-07-07 18:24:39 __main__        INFO          100000 10.0% (50m 21s) 3.0881 Sushi and Beyond: An English Family Eats New Year's / Sci-Fi ✗ (Slice of Life)
2024-07-07 18:27:17 __main__        INFO          105000 10.5% (52m 59s) 3.0895 No Money Omake episodes / Sci-Fi ✗ (Erotica)
2024-07-07 18:29:36 __main__        INFO          110000 11.0% (55m 18s) 3.0865 Love Hina: Motoko's Choice Between Love or Swords: Don't cry! / Action ✗ (Romance)
2024-07-07 18:32:25 __main__        INFO          115000 11.5% (58m 7s) 3.0871 Runnin' Away Gelée / Gourmet ✗ (Horror)
2024-07-07 18:34:52 __main__        INFO          120000 12.0% (60m 35s) 3.0861 Dream Tower / Action ✗ (Mystery)
2024-07-07 18:36:47 __main__        INFO          125000 12.5% (62m 29s) 3.0881 Another: The Other / Action ✗ (Suspense)
2024-07-07 18:39:09 __main__        INFO          130000 13.0% (64m 52s) 3.0889 Lin Pink Pink / Sci-Fi ✗ (Erotica)
2024-07-07 18:41:50 __main__        INFO          135000 13.5% (67m 32s) 3.0857 Hamaneko / Suspense ✗ (Slice of Life)