2024-07-07 18:44:30 __main__        INFO          GPU is available.
2024-07-07 18:44:31 __main__        INFO          learning_rate: 0.0001
2024-07-07 18:44:31 __main__        INFO          n_iters: 100000
2024-07-07 18:44:31 __main__        INFO          max_norm: 5.0
2024-07-07 18:44:31 __main__        INFO          num_layers: 3
2024-07-07 18:44:32 __main__        INFO          140000 14.000000000000002% (70m 15s) 3.0844 kura High School Girls Cycling Club: We're In Taiwan!! / Action ✗ (Sports)
2024-07-07 18:46:49 __main__        INFO          145000 14.499999999999998% (72m 32s) 3.0839 Hitori no Shita - The Outcast / Action ✗ (Supernatural)
2024-07-07 18:49:21 __main__        INFO          150000 15.0% (75m 3s) 3.0821 The Lazy Egg / Suspense ✗ (Gourmet)
2024-07-07 18:51:44 __main__        INFO          155000 15.5% (77m 26s) 3.0863 Lin Pink Pink / Sci-Fi ✗ (Erotica)
2024-07-07 18:54:39 __main__        INFO          160000 16.0% (80m 21s) 3.0852 Junjo Romantica 3 / Action ✗ (Boys Love)
2024-07-07 18:57:30 __main__        INFO          165000 16.5% (83m 13s) 3.0821 Aesthetica of a Rogue Hero Specials / Girls Love ✗ (Ecchi)
2024-07-07 18:59:52 __main__        INFO          170000 17.0% (85m 34s) 3.0833 Recruit Rhapsody / Girls Love ✗ (Avant Garde)
2024-07-07 19:01:56 __main__        INFO          175000 17.5% (87m 38s) 3.0844 Jin-Roh: The Wolf Brigade / Erotica ✗ (Romance)
2024-07-07 19:04:17 __main__        INFO          180000 18.0% (90m 0s) 3.0826 Fabulous Beasts / Girls Love ✗ (Comedy)
2024-07-07 19:06:50 __main__        INFO          185000 18.5% (92m 32s) 3.0854 Maid Sama! / Ecchi ✗ (Romance)
2024-07-07 19:09:02 __main__        INFO          190000 19.0% (94m 44s) 3.0839 Sankichi and Osayo: A Genroku Romance / Erotica ✗ (Adventure)
2024-07-07 19:10:55 __main__        INFO          195000 19.5% (96m 37s) 3.0802 Shigofumi: Letters from the Departed / Award Winning ✗ (Suspense)
2024-07-07 19:13:43 __main__        INFO          200000 20.0% (99m 26s) 3.0839 Beryl and Sapphire / Erotica ✗ (Boys Love)
2024-07-07 19:16:22 __main__        INFO          205000 20.5% (102m 4s) 3.0820 Space Carrier Blue Noah / Mystery ✗ (Sci-Fi)
2024-07-07 19:18:36 __main__        INFO          210000 21.0% (104m 19s) 3.0829 A Beautiful Day / Girls Love ✗ (Boys Love)
2024-07-07 19:20:47 __main__        INFO          215000 21.5% (106m 30s) 3.0792 Yosuga no Sora / Boys Love ✗ (Erotica)
2024-07-07 19:22:31 __main__        INFO          220000 22.0% (108m 13s) 3.0798 MILGRAM / Sports ✗ (Suspense)
2024-07-07 19:24:14 __main__        INFO          225000 22.5% (109m 57s) 3.0810 The Little Squid / Award Winning ✗ (Fantasy)
2024-07-07 19:26:44 __main__        INFO          230000 23.0% (112m 27s) 3.0824 DJ Nobunaga / Boys Love ✗ (UNKNOWN)
2024-07-07 19:29:02 __main__        INFO          235000 23.5% (114m 44s) 3.0815 Laura, Girl of the Prairies / Girls Love ✗ (Adventure)
2024-07-07 19:31:27 __main__        INFO          240000 24.0% (117m 9s) 3.0801 Romance of the Three Kingdoms / Girls Love ✗ (Supernatural)
2024-07-07 19:33:36 __main__        INFO          245000 24.5% (119m 18s) 3.0804 Kiddy Girl-AND / Romance ✗ (Comedy)
2024-07-07 19:35:42 __main__        INFO          250000 25.0% (121m 25s) 3.0805 Heaven Official's Blessing Special / Romance ✗ (Supernatural)
2024-07-07 19:38:36 __main__        INFO          255000 25.5% (124m 18s) 3.0803 Patissier Monster / Action ✗ (Slice of Life)
2024-07-07 19:41:34 __main__        INFO          260000 26.0% (127m 17s) 3.0775 Kunchi / Comedy ✗ (Avant Garde)
2024-07-07 19:44:32 __main__        INFO          265000 26.5% (130m 15s) 3.0755 Cyborg 009 / Sports ✗ (Sci-Fi)
2024-07-07 19:47:28 __main__        INFO          270000 27.0% (133m 10s) 3.0748 Dragon Force 2: Dragonsoul Awakened / Horror ✗ (Sci-Fi)
2024-07-07 19:50:16 __main__        INFO          275000 27.500000000000004% (135m 58s) 3.0771 Back to You / Sci-Fi ✓
2024-07-07 19:52:33 __main__        INFO          280000 28.000000000000004% (138m 15s) 3.0783 And you thought there is never a girl online? / Sports ✗ (Romance)
2024-07-07 19:54:59 __main__        INFO          285000 28.499999999999996% (140m 41s) 3.0788 A Gum Boy / Girls Love ✗ (Avant Garde)
2024-07-07 19:57:11 __main__        INFO          290000 28.999999999999996% (142m 54s) 3.0786 Bubble Bubble Cook 2nd Season / Sci-Fi ✗ (Gourmet)
2024-07-07 20:00:08 __main__        INFO          295000 29.5% (145m 50s) 3.0804 Shrine of the Morning Mist / Award Winning ✗ (Supernatural)
2024-07-07 20:03:04 __main__        INFO          300000 30.0% (148m 47s) 3.0776 Canaan / Sci-Fi ✗ (Supernatural)
2024-07-07 20:05:39 __main__        INFO          305000 30.5% (151m 21s) 3.0772 Turning Mecard W: The Revival of Black Mirror / Avant Garde ✗ (Adventure)
2024-07-07 20:07:46 __main__        INFO          310000 31.0% (153m 29s) 3.0778 A Summer-Colored Miracle / Erotica ✗ (Slice of Life)
2024-07-07 20:10:37 __main__        INFO          315000 31.5% (156m 19s) 3.0758 Melody / Girls Love ✗ (Avant Garde)
2024-07-07 20:13:34 __main__        INFO          320000 32.0% (159m 17s) 3.0764 World Famous Fairy Tale Series / Girls Love ✗ (Fantasy)
2024-07-07 20:16:34 __main__        INFO          325000 32.5% (162m 16s) 3.0794 Virtua Fighter Costomize Clip / UNKNOWN ✗ (Drama)
2024-07-07 20:19:30 __main__        INFO          330000 33.0% (165m 12s) 3.0761 Horus: Prince of the Sun / Slice of Life ✗ (Drama)
2024-07-07 20:22:31 __main__        INFO          335000 33.5% (168m 13s) 3.0764 Aoashi / Comedy ✗ (Sports)
2024-07-07 20:24:48 __main__        INFO          340000 34.0% (170m 30s) 3.0755 The Prince and the White Horse / Erotica ✗ (Adventure)
2024-07-07 20:27:47 __main__        INFO          345000 34.5% (173m 29s) 3.0777 Rusty House / Erotica ✗ (Horror)
2024-07-07 20:30:42 __main__        INFO          350000 35.0% (176m 24s) 3.0777 Knight Hunters Eternity / Girls Love ✗ (Drama)
2024-07-07 20:33:37 __main__        INFO          355000 35.5% (179m 19s) 3.0722 RE-KAN! / Sports ✗ (Supernatural)
2024-07-07 20:36:38 __main__        INFO          360000 36.0% (182m 21s) 3.0743 Private Psycho Lesson / Slice of Life ✗ (Girls Love)
2024-07-07 20:39:34 __main__        INFO          365000 36.5% (185m 17s) 3.0740 If My Favorite Pop Idol Made It to the Budokan, I Would Die / Erotica ✗ (Girls Love)
2024-07-07 20:41:49 __main__        INFO          370000 37.0% (187m 32s) 3.0743 I Want Nothing / Suspense ✗ (Avant Garde)
2024-07-07 20:44:48 __main__        INFO          375000 37.5% (190m 30s) 3.0737 A Christmas Carol / Romance ✗ (Supernatural)
2024-07-07 20:47:48 __main__        INFO          380000 38.0% (193m 30s) 3.0741 Tekkaman Blade: Twin Blood / Horror ✗ (Sci-Fi)
2024-07-07 20:50:41 __main__        INFO          385000 38.5% (196m 23s) 3.0736 Kaishain vs Credit Card Kacho / Suspense ✗ (Comedy)
2024-07-07 20:53:36 __main__        INFO          390000 39.0% (199m 18s) 3.0676 Ushio and Tora / Boys Love ✗ (Horror)
2024-07-07 20:56:32 __main__        INFO          395000 39.5% (202m 14s) 3.0729 Tekkonkinkreet / Award Winning ✓
2024-07-07 20:58:53 __main__        INFO          400000 40.0% (204m 35s) 3.0765 The Lazy Egg / Suspense ✗ (Gourmet)
2024-07-07 21:01:16 __main__        INFO          405000 40.5% (206m 58s) 3.0717 The Dining of Link Lee / Erotica ✗ (Gourmet)
2024-07-07 21:03:48 __main__        INFO          410000 41.0% (209m 31s) 3.0711 Pendant / Award Winning ✗ (Erotica)
2024-07-07 21:06:41 __main__        INFO          415000 41.5% (212m 24s) 3.0708 Astarotte's Toy EX / Avant Garde ✗ (Romance)
2024-07-07 21:09:41 __main__        INFO          420000 42.0% (215m 24s) 3.0746 Baki: The Great Raitai Tournament Saga / Award Winning ✗ (Sports)
2024-07-07 21:12:36 __main__        INFO          425000 42.5% (218m 18s) 3.0684 Love is Like a Cocktail / Romance ✗ (Gourmet)
2024-07-07 21:14:46 __main__        INFO          430000 43.0% (220m 29s) 3.0716 Pow Pow Bing / Suspense ✗ (UNKNOWN)
2024-07-07 21:16:29 __main__        INFO          435000 43.5% (222m 11s) 3.0700 Perfect Blue / Erotica ✗ (Horror)
2024-07-07 21:18:13 __main__        INFO          440000 44.0% (223m 55s) 3.0713 Grand Blues! / Comedy ✗ (Adventure)
2024-07-07 21:19:57 __main__        INFO          445000 44.5% (225m 39s) 3.0687 Josee, the Tiger and the Fish / Erotica ✗ (Romance)
2024-07-07 21:22:14 __main__        INFO          450000 45.0% (227m 57s) 3.0710 Yes, No, or Maybe? / Sports ✗ (Boys Love)
2024-07-07 21:24:50 __main__        INFO          455000 45.5% (230m 33s) 3.0707 Ben-To / Award Winning ✗ (Gourmet)
2024-07-07 21:27:37 __main__        INFO          460000 46.0% (233m 19s) 3.0668 Bondage House / Erotica ✗ (Hentai)
2024-07-07 21:30:18 __main__        INFO          465000 46.5% (236m 0s) 3.0696 Project A-ko: Uncivil Wars / Girls Love ✗ (Adventure)
2024-07-07 21:32:40 __main__        INFO          470000 47.0% (238m 23s) 3.0711 Novoland Eagle Flag / Suspense ✗ (Fantasy)
2024-07-07 21:35:37 __main__        INFO          475000 47.5% (241m 19s) 3.0724 Even a Dad Still Wants It... / Boys Love ✓
2024-07-07 21:38:36 __main__        INFO          480000 48.0% (244m 18s) 3.0669 Clock Lock Works / Girls Love ✗ (UNKNOWN)
2024-07-07 21:41:30 __main__        INFO          485000 48.5% (247m 13s) 3.0692 Mt. Head / Horror ✗ (Suspense)
2024-07-07 21:44:21 __main__        INFO          490000 49.0% (250m 3s) 3.0663 Rendezvous / Girls Love ✗ (UNKNOWN)
2024-07-07 21:47:03 __main__        INFO          495000 49.5% (252m 46s) 3.0681 Beyond the Boundary: I'll Be Here - Future / Erotica ✗ (Romance)
2024-07-07 21:49:35 __main__        INFO          500000 50.0% (255m 17s) 3.0679 The Last Kunoichi / Comedy ✗ (Hentai)
2024-07-07 21:52:30 __main__        INFO          505000 50.5% (258m 12s) 3.0695 Barefoot Gen / Slice of Life ✗ (Drama)
2024-07-07 21:54:56 __main__        INFO          510000 51.0% (260m 38s) 3.0662 ∀ Gundam / Avant Garde ✗ (Romance)
2024-07-07 21:57:24 __main__        INFO          515000 51.5% (263m 7s) 3.0704 The Wave of Rage / Erotica ✗ (Sci-Fi)
2024-07-07 21:59:48 __main__        INFO          520000 52.0% (265m 30s) 3.0682 My Luxury Night / Award Winning ✗ (Avant Garde)
2024-07-07 22:01:49 __main__        INFO          525000 52.5% (267m 32s) 3.0687 My Love Story with Yamada-kun at Lv999 / Sports ✗ (Romance)
2024-07-07 22:03:54 __main__        INFO          530000 53.0% (269m 36s) 3.0653 Legend of the Black Eye / Erotica ✗ (Hentai)
2024-07-07 22:06:51 __main__        INFO          535000 53.5% (272m 34s) 3.0653 Departure: Ami, the Last Chapter / Gourmet ✗ (Drama)
2024-07-07 22:09:47 __main__        INFO          540000 54.0% (275m 29s) 3.0634 Rei Rei / Horror ✗ (Girls Love)
2024-07-07 22:12:42 __main__        INFO          545000 54.50000000000001% (278m 24s) 3.0641 Mina's Village and the River / Gourmet ✗ (Drama)
2024-07-07 22:15:39 __main__        INFO          550000 55.00000000000001% (281m 21s) 3.0671 The Garden of Sinners Chapter 7: A Study in Murder - Part 2 / Sports ✗ (Suspense)
2024-07-07 22:18:08 __main__        INFO          555000 55.50000000000001% (283m 50s) 3.0690 Dream Hazard / Horror ✗ (Hentai)
2024-07-07 22:20:58 __main__        INFO          560000 56.00000000000001% (286m 40s) 3.0694 Higurashi: When They Cry – Kai / Comedy ✗ (Suspense)
2024-07-07 22:23:58 __main__        INFO          565000 56.49999999999999% (289m 40s) 3.0677 Internal Medicine / Erotica ✗ (Hentai)
2024-07-07 22:26:52 __main__        INFO          570000 56.99999999999999% (292m 34s) 3.0639 Wu Di's Football / Romance ✗ (Sports)
2024-07-07 22:29:48 __main__        INFO          575000 57.49999999999999% (295m 31s) 3.0640 Demon Lord Dante / Erotica ✗ (Supernatural)
2024-07-07 22:31:57 __main__        INFO          580000 57.99999999999999% (297m 39s) 3.0640 Black Rock Shooter / Gourmet ✗ (Action)
2024-07-07 22:34:18 __main__        INFO          585000 58.5% (300m 1s) 3.0659 The Dining of Link Lee / Erotica ✗ (Gourmet)
2024-07-07 22:37:03 __main__        INFO          590000 59.0% (302m 45s) 3.0649 Fate/Kaleid Liner Prisma Illya 3rei!! Shorts / Girls Love ✗ (Ecchi)
2024-07-07 22:40:04 __main__        INFO          595000 59.5% (305m 46s) 3.0660 Queen's Blade: Beautiful Warriors / Girls Love ✗ (Ecchi)
2024-07-07 22:42:58 __main__        INFO          600000 60.0% (308m 41s) 3.0675 The Flying House / Erotica ✗ (Sci-Fi)
2024-07-07 22:45:56 __main__        INFO          605000 60.5% (311m 38s) 3.0607 Yuri is My Job! / Sports ✗ (Girls Love)
2024-07-07 22:48:48 __main__        INFO          610000 61.0% (314m 30s) 3.0636 Mr. Empty / Horror ✗ (UNKNOWN)
2024-07-07 22:51:17 __main__        INFO          615000 61.5% (316m 59s) 3.0646 I Want You To Show Me Your Panties With a Disgusted Face 2 / Sports ✗ (Ecchi)
2024-07-07 22:53:54 __main__        INFO          620000 62.0% (319m 36s) 3.0655 Zero no Mono / Gourmet ✗ (Hentai)
2024-07-07 22:56:53 __main__        INFO          625000 62.5% (322m 36s) 3.0619 Maken-Ki! Secret Training / Suspense ✗ (Ecchi)
2024-07-07 22:59:42 __main__        INFO          630000 63.0% (325m 24s) 3.0609 Love Live! School Idol Project 2 / Sports ✗ (Award Winning)
2024-07-07 23:02:19 __main__        INFO          635000 63.5% (328m 2s) 3.0652 E.Y.E.S. of Mars / Girls Love ✗ (Sci-Fi)
2024-07-07 23:05:19 __main__        INFO          640000 64.0% (331m 2s) 3.0636 Jungle of Desire / Erotica ✓
2024-07-07 23:08:02 __main__        INFO          645000 64.5% (333m 44s) 3.0645 Paprika / Award Winning ✗ (Avant Garde)
2024-07-07 23:10:19 __main__        INFO          650000 65.0% (336m 1s) 3.0606 Just Disappear / Gourmet ✗ (Drama)
2024-07-07 23:13:02 __main__        INFO          655000 65.5% (338m 44s) 3.0674 Red Thread / Horror ✗ (Romance)
2024-07-07 23:15:56 __main__        INFO          660000 66.0% (341m 38s) 3.0634 Medabots Spirits / Girls Love ✗ (Action)
2024-07-07 23:18:51 __main__        INFO          665000 66.5% (344m 33s) 3.0588 Chastity at Midnight / Award Winning ✗ (Action)
2024-07-07 23:21:44 __main__        INFO          670000 67.0% (347m 26s) 3.0661 Inyouchuu Shoku / Horror ✓
2024-07-07 23:23:51 __main__        INFO          675000 67.5% (349m 33s) 3.0634 Forever Only (SHINDRUM Remix) / Sports ✗ (UNKNOWN)
2024-07-07 23:25:50 __main__        INFO          680000 68.0% (351m 33s) 3.0639 Eden of The East Compilation: Air Communication; Higashi no Eden Recap / Boys Love ✗ (Sci-Fi)
2024-07-07 23:28:20 __main__        INFO          685000 68.5% (354m 2s) 3.0585 Smart-san / Slice of Life ✓
2024-07-07 23:30:46 __main__        INFO          690000 69.0% (356m 29s) 3.0662 The Night When Evil Falls / Girls Love ✗ (Hentai)
2024-07-07 23:33:34 __main__        INFO          695000 69.5% (359m 17s) 3.0618 Fate/Kaleid Liner Prisma Illya 2Wei! Shorts / Girls Love ✗ (Ecchi)
2024-07-07 23:36:30 __main__        INFO          700000 70.0% (362m 12s) 3.0576 ?/Rhythmic Triangles/Fighting Cards / Girls Love ✗ (Avant Garde)
2024-07-07 23:39:30 __main__        INFO          705000 70.5% (365m 12s) 3.0666 Horimiya / Award Winning ✗ (Romance)
2024-07-07 23:42:07 __main__        INFO          710000 71.0% (367m 50s) 3.0568 Spooky Kitaro: The Obake Nighter / Gourmet ✗ (Supernatural)
2024-07-07 23:44:39 __main__        INFO          715000 71.5% (370m 21s) 3.0592 Partner's Territory / Horror ✗ (Boys Love)
2024-07-07 23:47:34 __main__        INFO          720000 72.0% (373m 16s) 3.0593 Dropout Idol Fruit Tart / Award Winning ✗ (Slice of Life)
2024-07-07 23:50:27 __main__        INFO          725000 72.5% (376m 10s) 3.0635 Bartender / Gourmet ✓
2024-07-07 23:53:19 __main__        INFO          730000 73.0% (379m 1s) 3.0587 Dies irae / Erotica ✗ (Action)
2024-07-07 23:56:20 __main__        INFO          735000 73.5% (382m 2s) 3.0553 Mayumi / Suspense ✓
2024-07-07 23:58:55 __main__        INFO          740000 74.0% (384m 38s) 3.0569 Food Wars! The Fourth Plate / Erotica ✗ (Gourmet)
2024-07-08 00:01:36 __main__        INFO          745000 74.5% (387m 18s) 3.0630 Lupin III: Farewell to Nostradamus / Girls Love ✗ (Mystery)
2024-07-08 00:04:30 __main__        INFO          750000 75.0% (390m 12s) 3.0550 Maiden Rose / Erotica ✗ (Boys Love)
2024-07-08 00:07:25 __main__        INFO          755000 75.5% (393m 7s) 3.0557 Edens Zéro / Gourmet ✗ (Adventure)
2024-07-08 00:10:19 __main__        INFO          760000 76.0% (396m 1s) 3.0639 Garden Club Detective Squad PV / Sci-Fi ✗ (Mystery)
2024-07-08 00:13:09 __main__        INFO          765000 76.5% (398m 51s) 3.0686 Miracle! Mimika / Award Winning ✗ (Gourmet)
2024-07-08 00:15:48 __main__        INFO          770000 77.0% (401m 30s) 3.0581 Sword for Truth / Erotica ✗ (Suspense)
2024-07-08 00:18:24 __main__        INFO          775000 77.5% (404m 6s) 3.0546 Detective Conan: Zero the Enforcer / Gourmet ✗ (Award Winning)
2024-07-08 00:21:20 __main__        INFO          780000 78.0% (407m 2s) 3.0591 Captain Tsubasa / Award Winning ✗ (Sports)
2024-07-08 00:24:13 __main__        INFO          785000 78.5% (409m 55s) 3.0575 A Beautiful Day / Horror ✗ (Boys Love)
2024-07-08 00:27:02 __main__        INFO          790000 79.0% (412m 44s) 3.0622 Sacrificial Princess and the King of Beasts / Girls Love ✗ (Romance)
2024-07-08 00:29:40 __main__        INFO          795000 79.5% (415m 22s) 3.0560 Wotakoi: Love is Hard for Otaku OVA / Ecchi ✗ (Romance)
2024-07-08 00:31:57 __main__        INFO          800000 80.0% (417m 39s) 3.0608 The Sky Crawlers / Girls Love ✗ (Award Winning)
2024-07-08 00:34:41 __main__        INFO          805000 80.5% (420m 23s) 3.0544 Hoop Days / Girls Love ✗ (Sports)
2024-07-08 00:37:40 __main__        INFO          810000 81.0% (423m 22s) 3.0523 Pom Poko / Gourmet ✗ (Award Winning)
2024-07-08 00:40:37 __main__        INFO          815000 81.5% (426m 19s) 3.0590 Kono Oto Tomare!: Sounds of Life / Erotica ✗ (Romance)
2024-07-08 00:43:30 __main__        INFO          820000 82.0% (429m 12s) 3.0627 Durarara!! / Sports ✗ (Mystery)
2024-07-08 00:46:29 __main__        INFO          825000 82.5% (432m 12s) 3.0616 Happy-Go-Lucky Days / Girls Love ✓
2024-07-08 00:48:51 __main__        INFO          830000 83.0% (434m 33s) 3.0558 Towel Story / Horror ✗ (Slice of Life)
2024-07-08 00:51:49 __main__        INFO          835000 83.5% (437m 32s) 3.0595 Lovely Movie: Lovely Muuuuuuuco! Season 2 / Sports ✗ (Slice of Life)
2024-07-08 00:54:44 __main__        INFO          840000 84.0% (440m 26s) 3.0563 The Flower and the Mole / Erotica ✗ (Award Winning)
2024-07-08 00:57:40 __main__        INFO          845000 84.5% (443m 22s) 3.0554 Sasaki and Miyano / Gourmet ✗ (Boys Love)
2024-07-08 01:00:32 __main__        INFO          850000 85.0% (446m 15s) 3.0586 Bo & To's Family 2nd Season / Slice of Life ✓
2024-07-08 01:03:22 __main__        INFO          855000 85.5% (449m 5s) 3.0572 Noiseman Sound Insect / Award Winning ✗ (Action)
2024-07-08 01:05:45 __main__        INFO          860000 86.0% (451m 28s) 3.0560 Peter Pan & Wendy / Horror ✗ (Adventure)
2024-07-08 01:08:43 __main__        INFO          865000 86.5% (454m 26s) 3.0579 No Money Omake episodes / Girls Love ✗ (Erotica)
2024-07-08 01:11:42 __main__        INFO          870000 87.0% (457m 25s) 3.0518 The Prince of Tennis II vs Genius10 / Sports ✓
2024-07-08 01:14:40 __main__        INFO          875000 87.5% (460m 22s) 3.0505 Baby Titanosaur Dooly: Adventure in the Ice Star / Gourmet ✗ (UNKNOWN)
2024-07-08 01:17:41 __main__        INFO          880000 88.0% (463m 23s) 3.0546 Theory of Negativity / Horror ✗ (UNKNOWN)
2024-07-08 01:20:37 __main__        INFO          885000 88.5% (466m 19s) 3.0563 The House of the Lost on the Cape / Erotica ✗ (Award Winning)
2024-07-08 01:22:55 __main__        INFO          890000 89.0% (468m 38s) 3.0550 Gurren Lagann / Slice of Life ✗ (Award Winning)
2024-07-08 01:25:39 __main__        INFO          895000 89.5% (471m 21s) 3.0608 Gunparade March: A New Song for the March / Erotica ✗ (Drama)
2024-07-08 01:28:38 __main__        INFO          900000 90.0% (474m 20s) 3.0563 Inugami-san to Nekoyama-san / Slice of Life ✗ (Girls Love)
2024-07-08 01:31:38 __main__        INFO          905000 90.5% (477m 20s) 3.0564 Love Slate / Erotica ✓
2024-07-08 01:34:37 __main__        INFO          910000 91.0% (480m 20s) 3.0563 Space Adventure Cobra: The Movie / Erotica ✗ (Sci-Fi)
2024-07-08 01:37:33 __main__        INFO          915000 91.5% (483m 16s) 3.0530 Lovely Muuuuuuuco! / Sports ✗ (Comedy)
2024-07-08 01:39:56 __main__        INFO          920000 92.0% (485m 39s) 3.0493 Pendant / Award Winning ✗ (Erotica)
2024-07-08 01:42:31 __main__        INFO          925000 92.5% (488m 13s) 3.0502 Zombie Land Saga / Award Winning ✗ (Supernatural)
2024-07-08 01:45:19 __main__        INFO          930000 93.0% (491m 1s) 3.0553 At The Mercy of The Sky / Horror ✗ (Romance)
2024-07-08 01:48:20 __main__        INFO          935000 93.5% (494m 3s) 3.0530 GET BACK ON THE HILL / Mystery ✗ (Avant Garde)
2024-07-08 01:51:09 __main__        INFO          940000 94.0% (496m 51s) 3.0491 Yosuga no Sora / Erotica ✓
2024-07-08 01:53:50 __main__        INFO          945000 94.5% (499m 32s) 3.0616 Love To-LIE-Angle / Erotica ✗ (Girls Love)
2024-07-08 01:56:15 __main__        INFO          950000 95.0% (501m 57s) 3.0540 Thousands of worlds / Girls Love ✗ (Fantasy)
2024-07-08 01:58:13 __main__        INFO          955000 95.5% (503m 55s) 3.0592 Legend of the Crystals: Final Fantasy / Horror ✗ (Action)
2024-07-08 01:59:56 __main__        INFO          960000 96.0% (505m 39s) 3.0497 After School Mania Club / Hentai ✓
2024-07-08 02:01:39 __main__        INFO          965000 96.5% (507m 22s) 3.0530 My Hero Academia ONA / Ecchi ✗ (Sports)
2024-07-08 02:04:19 __main__        INFO          970000 97.0% (510m 2s) 3.0575 Ice Fist / Award Winning ✗ (Avant Garde)
2024-07-08 02:07:15 __main__        INFO          975000 97.5% (512m 57s) 3.0445 Cage / Erotica ✗ (Hentai)
2024-07-08 02:10:13 __main__        INFO          980000 98.0% (515m 55s) 3.0519 The Great Rabbit / Award Winning ✓
2024-07-08 02:12:36 __main__        INFO          985000 98.5% (518m 18s) 3.0512 Even a Dad Still Wants It... / Boys Love ✓
2024-07-08 02:15:14 __main__        INFO          990000 99.0% (520m 57s) 3.0528 Electromagnetic Girlfriend / Suspense ✓
2024-07-08 02:17:55 __main__        INFO          995000 99.5% (523m 38s) 3.0556 Kinonaka sasu Sakana no ki / Suspense ✗ (Avant Garde)
2024-07-08 02:20:54 __main__        INFO          1000000 100.0% (526m 36s) 3.0513 Starchild Chobin / Slice of Life ✗ (Sci-Fi)